<?xml version="1.0" encoding="UTF-8"?>
<testsuite name="com.tddacademy.zoo.ZooApplicationTests" tests="1" skipped="0" failures="0" errors="0" timestamp="2025-07-23T03:05:03" hostname="Mac" time="0.338">
  <properties/>
  <testcase name="contextLoads()" classname="com.tddacademy.zoo.ZooApplicationTests" time="0.338"/>
  <system-out><![CDATA[11:05:02.890 [Test worker] INFO org.springframework.test.context.support.AnnotationConfigContextLoaderUtils -- Could not detect default configuration classes for test class [com.tddacademy.zoo.ZooApplicationTests]: ZooApplicationTests does not declare any static, non-private, non-final, nested classes annotated with @Configuration.
11:05:02.920 [Test worker] INFO org.springframework.boot.test.context.SpringBootTestContextBootstrapper -- Found @SpringBootConfiguration com.tddacademy.zoo.ZooApplication for test class com.tddacademy.zoo.ZooApplicationTests

  .   ____          _            __ _ _
 /\\ / ___'_ __ _ _(_)_ __  __ _ \ \ \ \
( ( )\___ | '_ | '_| | '_ \/ _` | \ \ \ \
 \\/  ___)| |_)| | | | | || (_| |  ) ) ) )
  '  |____| .__|_| |_|_| |_\__, | / / / /
 =========|_|==============|___/=/_/_/_/

 :: Spring Boot ::                (v3.5.3)

2025-07-23T11:05:03.042+08:00  INFO 1944 --- [zoo-simulator-lab2] [    Test worker] com.tddacademy.zoo.ZooApplicationTests   : Starting ZooApplicationTests using Java 21.0.7 with PID 1944 (started by ralphanthony.rafael in /Users/ralphanthony.rafael/Desktop/tdd-academy/session1/lab2)
2025-07-23T11:05:03.042+08:00 DEBUG 1944 --- [zoo-simulator-lab2] [    Test worker] com.tddacademy.zoo.ZooApplicationTests   : Running with Spring Boot v3.5.3, Spring v6.2.8
2025-07-23T11:05:03.042+08:00  INFO 1944 --- [zoo-simulator-lab2] [    Test worker] com.tddacademy.zoo.ZooApplicationTests   : No active profile set, falling back to 1 default profile: "default"
2025-07-23T11:05:03.050+08:00 DEBUG 1944 --- [zoo-simulator-lab2] [    Test worker] o.s.w.c.s.GenericWebApplicationContext   : Refreshing org.springframework.web.context.support.GenericWebApplicationContext@1eaf1e62
2025-07-23T11:05:03.336+08:00 DEBUG 1944 --- [zoo-simulator-lab2] [    Test worker] s.w.s.m.m.a.RequestMappingHandlerMapping : 7 mappings in 'requestMappingHandlerMapping'
2025-07-23T11:05:03.348+08:00 DEBUG 1944 --- [zoo-simulator-lab2] [    Test worker] o.s.w.s.handler.SimpleUrlHandlerMapping  : Patterns [/webjars/**, /**] in 'resourceHandlerMapping'
2025-07-23T11:05:03.379+08:00 DEBUG 1944 --- [zoo-simulator-lab2] [    Test worker] s.w.s.m.m.a.RequestMappingHandlerAdapter : ControllerAdvice beans: 0 @ModelAttribute, 0 @InitBinder, 1 RequestBodyAdvice, 1 ResponseBodyAdvice
2025-07-23T11:05:03.393+08:00 DEBUG 1944 --- [zoo-simulator-lab2] [    Test worker] .m.m.a.ExceptionHandlerExceptionResolver : ControllerAdvice beans: 0 @ExceptionHandler, 1 ResponseBodyAdvice
2025-07-23T11:05:03.439+08:00  INFO 1944 --- [zoo-simulator-lab2] [    Test worker] com.tddacademy.zoo.ZooApplicationTests   : Started ZooApplicationTests in 0.474 seconds (process running for 0.834)
]]></system-out>
  <system-err><![CDATA[Mockito is currently self-attaching to enable the inline-mock-maker. This will no longer work in future releases of the JDK. Please add Mockito as an agent to your build as described in Mockito's documentation: https://javadoc.io/doc/org.mockito/mockito-core/latest/org.mockito/org/mockito/Mockito.html#0.3
WARNING: A Java agent has been loaded dynamically (/Users/ralphanthony.rafael/.gradle/caches/modules-2/files-2.1/net.bytebuddy/byte-buddy-agent/1.17.6/17b32fd9f57deef02842f7f05abc4ad8127fe34e/byte-buddy-agent-1.17.6.jar)
WARNING: If a serviceability tool is in use, please run with -XX:+EnableDynamicAgentLoading to hide this warning
WARNING: If a serviceability tool is not in use, please run with -Djdk.instrument.traceUsage for more information
WARNING: Dynamic loading of agents will be disallowed by default in a future release
]]></system-err>
</testsuite>
