<?xml version="1.0" encoding="UTF-8"?>
<testsuite name="com.tddacademy.zoo.service.TodoExercisesTest" tests="12" skipped="0" failures="0" errors="0" timestamp="2025-07-21T03:10:36" hostname="GXCHLAP00385.local" time="0.474">
  <properties/>
  <testcase name="TODO: Mock Exercise 1 - Should find animal by species" classname="com.tddacademy.zoo.service.TodoExercisesTest" time="0.441"/>
  <testcase name="TODO: Advanced Exercise 1 - Should verify multiple repository calls" classname="com.tddacademy.zoo.service.TodoExercisesTest" time="0.005"/>
  <testcase name="TODO: Stub Exercise 2 - Should handle empty repository with stub" classname="com.tddacademy.zoo.service.TodoExercisesTest" time="0.002"/>
  <testcase name="TODO: Spy Exercise 2 - Should verify SMS notification for animal removal" classname="com.tddacademy.zoo.service.TodoExercisesTest" time="0.007"/>
  <testcase name="TODO: Mock Exercise 2 - Should handle animal not found" classname="com.tddacademy.zoo.service.TodoExercisesTest" time="0.001"/>
  <testcase name="TODO: Mock Exercise 3 - Should verify repository save was called" classname="com.tddacademy.zoo.service.TodoExercisesTest" time="0.002"/>
  <testcase name="TODO: Stub Exercise 3 - Should get animal count with stub" classname="com.tddacademy.zoo.service.TodoExercisesTest" time="0.001"/>
  <testcase name="TODO: Stub Exercise 1 - Should calculate average weight with stub data" classname="com.tddacademy.zoo.service.TodoExercisesTest" time="0.001"/>
  <testcase name="TODO: Advanced Exercise 3 - Should handle complex scenario with multiple mocks" classname="com.tddacademy.zoo.service.TodoExercisesTest" time="0.004"/>
  <testcase name="TODO: Spy Exercise 3 - Should verify no notification for healthy animal" classname="com.tddacademy.zoo.service.TodoExercisesTest" time="0.001"/>
  <testcase name="TODO: Advanced Exercise 2 - Should verify notification parameters exactly" classname="com.tddacademy.zoo.service.TodoExercisesTest" time="0.001"/>
  <testcase name="TODO: Spy Exercise 1 - Should verify email notification for new animal" classname="com.tddacademy.zoo.service.TodoExercisesTest" time="0.002"/>
  <system-out><![CDATA[SMS sent to: +1234567890 - Message: Animal Simba has been removed from the zoo.
Email sent to: vet@zoo.com - Subject: Animal Health Alert - Message: Animal with ID 1 needs medical attention.
Email sent to: staff@zoo.com - Subject: New Animal Added - Message: New animal Simba has been added to the zoo.
Email sent to: staff@zoo.com - Subject: New Animal Added - Message: New animal Simba has been added to the zoo.
]]></system-out>
  <system-err><![CDATA[Mockito is currently self-attaching to enable the inline-mock-maker. This will no longer work in future releases of the JDK. Please add Mockito as an agent to your build as described in Mockito's documentation: https://javadoc.io/doc/org.mockito/mockito-core/latest/org.mockito/org/mockito/Mockito.html#0.3
WARNING: A Java agent has been loaded dynamically (/Users/virgil-a.bombita/.gradle/caches/modules-2/files-2.1/net.bytebuddy/byte-buddy-agent/1.17.6/17b32fd9f57deef02842f7f05abc4ad8127fe34e/byte-buddy-agent-1.17.6.jar)
WARNING: If a serviceability tool is in use, please run with -XX:+EnableDynamicAgentLoading to hide this warning
WARNING: If a serviceability tool is not in use, please run with -Djdk.instrument.traceUsage for more information
WARNING: Dynamic loading of agents will be disallowed by default in a future release
]]></system-err>
</testsuite>
