<?xml version="1.0" encoding="UTF-8"?>
<testsuite name="com.tddacademy.zoo.model.ZooTest" tests="5" skipped="0" failures="0" errors="0" timestamp="2025-07-22T04:55:47" hostname="Mac" time="0.002">
  <properties/>
  <testcase name="Should throw exception when zoo location is empty" classname="com.tddacademy.zoo.model.ZooTest" time="0.0"/>
  <testcase name="Should create a valid Zoo with all required fields" classname="com.tddacademy.zoo.model.ZooTest" time="0.001"/>
  <testcase name="Should throw exception when zoo name is null" classname="com.tddacademy.zoo.model.ZooTest" time="0.0"/>
  <testcase name="Should throw exception when zoo name is empty" classname="com.tddacademy.zoo.model.ZooTest" time="0.001"/>
  <testcase name="Should throw exception when zoo location is null" classname="com.tddacademy.zoo.model.ZooTest" time="0.0"/>
  <system-out><![CDATA[]]></system-out>
  <system-err><![CDATA[]]></system-err>
</testsuite>
