<?xml version="1.0" encoding="UTF-8"?>
<testsuite name="com.tddacademy.zoo.service.ZooServiceTest" tests="10" skipped="0" failures="0" errors="0" timestamp="2025-07-23T03:10:15" hostname="GXCHLAP00385.local" time="0.472">
  <properties/>
  <testcase name="Should throw exception when deleting non-existent zoo" classname="com.tddacademy.zoo.service.ZooServiceTest" time="0.453"/>
  <testcase name="Should throw exception when updating non-existent zoo" classname="com.tddacademy.zoo.service.ZooServiceTest" time="0.002"/>
  <testcase name="Should get all zoos" classname="com.tddacademy.zoo.service.ZooServiceTest" time="0.001"/>
  <testcase name="Should get zoo by id when exists" classname="com.tddacademy.zoo.service.ZooServiceTest" time="0.001"/>
  <testcase name="Should return empty when zoo not found" classname="com.tddacademy.zoo.service.ZooServiceTest" time="0.002"/>
  <testcase name="Should check if zoo exists" classname="com.tddacademy.zoo.service.ZooServiceTest" time="0.001"/>
  <testcase name="Should create zoo successfully" classname="com.tddacademy.zoo.service.ZooServiceTest" time="0.005"/>
  <testcase name="Should delete zoo when exists" classname="com.tddacademy.zoo.service.ZooServiceTest" time="0.001"/>
  <testcase name="Should find zoos by name" classname="com.tddacademy.zoo.service.ZooServiceTest" time="0.001"/>
  <testcase name="Should update zoo when exists" classname="com.tddacademy.zoo.service.ZooServiceTest" time="0.002"/>
  <system-out><![CDATA[]]></system-out>
  <system-err><![CDATA[Mockito is currently self-attaching to enable the inline-mock-maker. This will no longer work in future releases of the JDK. Please add Mockito as an agent to your build as described in Mockito's documentation: https://javadoc.io/doc/org.mockito/mockito-core/latest/org.mockito/org/mockito/Mockito.html#0.3
WARNING: A Java agent has been loaded dynamically (/Users/virgil-a.bombita/.gradle/caches/modules-2/files-2.1/net.bytebuddy/byte-buddy-agent/1.17.6/17b32fd9f57deef02842f7f05abc4ad8127fe34e/byte-buddy-agent-1.17.6.jar)
WARNING: If a serviceability tool is in use, please run with -XX:+EnableDynamicAgentLoading to hide this warning
WARNING: If a serviceability tool is not in use, please run with -Djdk.instrument.traceUsage for more information
WARNING: Dynamic loading of agents will be disallowed by default in a future release
]]></system-err>
</testsuite>
